<?xml version="1.0" encoding="UTF-8"?>
<!-- Generated by org.testng.reporters.JUnitReportReporter -->
<testsuite hostname="yuvaraj" failures="0" tests="1" name="test.Checkoutpagetest" time="58.449" errors="0" timestamp="2024-06-26T10:51:09 IST" skipped="0">
  <testcase classname="test.Checkoutpagetest" name="checkoutFunctionality" time="58.449"/>
  <system-out/>
</testsuite> <!-- test.Checkoutpagetest -->
