<?xml version="1.0" encoding="UTF-8"?>
<!-- Generated by org.testng.reporters.JUnitReportReporter -->
<testsuite hostname="yuvaraj" failures="0" tests="6" name="test.Loginpagetest" time="182.772" errors="0" timestamp="2024-06-26T10:51:09 IST" skipped="2">
  <testcase classname="test.Loginpagetest" name="verifyLoginFunctionality" time="35.335"/>
  <system-out/>
  <testcase classname="test.Loginpagetest" name="verifyLoginFunctionality" time="42.807"/>
  <system-out/>
  <testcase classname="test.Loginpagetest" name="verifyLoginFunctionality" time="34.518"/>
  <system-out/>
  <testcase classname="test.Loginpagetest" name="verifyLoginFunctionality" time="70.112"/>
  <system-out/>
  <testcase classname="test.Loginpagetest" name="verifyURL">
    <skipped/>
  </testcase> <!-- verifyURL -->
  <system-out/>
  <testcase classname="test.Loginpagetest" name="verifyLogo">
    <skipped/>
  </testcase> <!-- verifyLogo -->
  <system-out/>
</testsuite> <!-- test.Loginpagetest -->
