<?xml version="1.0" encoding="UTF-8"?>
<!-- Generated by org.testng.reporters.JUnitReportReporter -->
<testsuite hostname="yuvaraj" failures="0" tests="1" name="test.Productpagetest" time="39.942" errors="0" timestamp="2024-06-26T10:51:10 IST" skipped="0">
  <testcase classname="test.Productpagetest" name="logoutFunctionality" time="39.942"/>
  <system-out/>
</testsuite> <!-- test.Productpagetest -->
