<?xml version="1.0" encoding="UTF-8"?>
<!-- Generated by org.testng.reporters.JUnitReportReporter -->
<testsuite hostname="yuvaraj" failures="0" tests="1" name="test.Productpagetest2" time="23.644" errors="0" timestamp="2024-06-21T13:07:37 IST" skipped="0">
  <testcase classname="test.Productpagetest2" name="logoutFunctionality" time="23.644"/>
  <system-out/>
</testsuite> <!-- test.Productpagetest2 -->
